********************************************************************************
product = WebSphere Application Server 17.0.0.2 (wlp-1.0.17.cl170220170523-1818)
wlp.install.dir = C:/Users/IBM_ADMIN/Documents/Docker/08 - August/ear stuff/use this one/ejb/ejb-ear/target/liberty/wlp/
java.home = C:\Program Files\IBM\Java80\jre
java.version = 1.8.0
java.runtime = Java(TM) SE Runtime Environment (pwa6480sr3fp22-20161213_02 (SR3 FP22))
os = Windows 10 (10.0; amd64) (en_US)
process = 19760@IBM096-R903BL48
********************************************************************************
[8/31/17 13:28:30:754 BST] 00000001 com.ibm.ws.kernel.launch.internal.FrameworkManager           A CWWKE0001I: The server ejbServer has been launched.
[8/31/17 13:28:30:816 BST] 00000001 com.ibm.ws.kernel.launch.internal.FrameworkManager           A CWWKE0100I: This product is licensed for development, and limited production use. The full license terms can be viewed here: https://public.dhe.ibm.com/ibmdl/export/pub/software/websphere/wasdev/license/base_ilan/ilan/17.0.0.2/lafiles/en.html
[8/31/17 13:28:37:336 BST] 00000001 com.ibm.ws.kernel.launch.internal.FrameworkManager           I CWWKE0002I: The kernel started after 7.194 seconds
[8/31/17 13:28:37:682 BST] 00000026 com.ibm.ws.kernel.feature.internal.FeatureManager            I CWWKF0007I: Feature update started.
[8/31/17 13:28:42:519 BST] 0000001e com.ibm.ws.security.ready.internal.SecurityReadyServiceImpl  I CWWKS0007I: The security service is starting...
[8/31/17 13:28:48:244 BST] 0000001e com.ibm.ws.app.manager.internal.monitor.DropinMonitor        A CWWKZ0058I: Monitoring dropins for applications. 
[8/31/17 13:28:48:788 BST] 0000001e ibm.ws.security.authentication.internal.jaas.JAASServiceImpl I CWWKS1123I: The collective authentication plugin with class name NullCollectiveAuthenticationPlugin has been activated. 
[8/31/17 13:28:50:985 BST] 0000004a com.ibm.ws.tcpchannel.internal.TCPChannel                    I CWWKO0219I: TCP Channel defaultHttpEndpoint has been started and is now listening for requests on host 127.0.0.1  (IPv4: 127.0.0.1) port 9080.
[8/31/17 13:28:50:990 BST] 00000041 com.ibm.ws.security.ready.internal.SecurityReadyServiceImpl  I CWWKS0008I: The security service is ready.
[8/31/17 13:28:50:997 BST] 00000041 com.ibm.ws.security.token.ltpa.internal.LTPAKeyCreateTask    I CWWKS4105I: LTPA configuration is ready after 2.311 seconds.
[8/31/17 13:28:51:034 BST] 0000004a com.ibm.ws.tcpchannel.internal.TCPChannel                    I CWWKO0219I: TCP Channel defaultHttpEndpoint-ssl has been started and is now listening for requests on host 127.0.0.1  (IPv4: 127.0.0.1) port 9443.
[8/31/17 13:28:51:534 BST] 0000001e com.ibm.ws.tcpchannel.internal.TCPChannel                    I CWWKO0219I: TCP Channel wasJmsEndpoint328 has been started and is now listening for requests on host 127.0.0.1  (IPv4: 127.0.0.1) port 7276.
[8/31/17 13:28:51:550 BST] 0000001e com.ibm.ws.tcpchannel.internal.TCPChannel                    I CWWKO0219I: TCP Channel wasJmsEndpoint328-ssl has been started and is now listening for requests on host 127.0.0.1  (IPv4: 127.0.0.1) port 7286.
[8/31/17 13:28:54:283 BST] 0000001e com.ibm.ws.sib.utils.ras.SibMessage                          I  CWSID0108I: JMS server has started.  
[8/31/17 13:28:55:439 BST] 0000001e com.ibm.ws.security.jaspi.AuthConfigFactoryWrapper           I CWWKS1655I: The default Java Authentication SPI for Containers (JASPIC) AuthConfigFactory class com.ibm.ws.security.jaspi.ProviderRegistry is being used because the Java security property authconfigprovider.factory is not set. 
[8/31/17 13:28:56:344 BST] 0000001e Service-174-com.ibm.ws.org.apache.geronimo.osgi.registry.1.1 I SPI-Provider Manifest header found in bundle: com.ibm.ws.xlxp.1.5.3 Bundle:com.ibm.ws.org.apache.geronimo.osgi.registry.1.1(id=174)   
[8/31/17 13:28:57:112 BST] 0000001e org.apache.cxf.bus.osgi.CXFActivator                         I Adding the extensions from bundle com.ibm.ws.org.apache.cxf-rt-ws-addr.2.6.2 (179) [org.apache.cxf.ws.addressing.policy.AddressingAssertionBuilder, org.apache.cxf.ws.addressing.policy.UsingAddressingAssertionBuilder, org.apache.cxf.ws.addressing.policy.AddressingPolicyInterceptorProvider, org.apache.cxf.ws.addressing.impl.AddressingWSDLExtensionLoader, org.apache.cxf.ws.addressing.WSAddressingFeature$WSAddressingFeatureApplier, org.apache.cxf.ws.addressing.MAPAggregator$MAPAggregatorLoader]
[8/31/17 13:28:57:119 BST] 0000001e org.apache.cxf.bus.osgi.CXFActivator                         I Adding the extensions from bundle com.ibm.ws.org.apache.cxf-rt-frontend-jaxws.2.6.2 (182) [org.apache.cxf.jaxws.context.WebServiceContextResourceResolver]
[8/31/17 13:28:57:134 BST] 0000001e org.apache.cxf.bus.osgi.CXFActivator                         I Adding the extensions from bundle com.ibm.ws.org.apache.cxf-rt-management.2.6.2 (190) [org.apache.cxf.management.InstrumentationManager]
[8/31/17 13:28:57:139 BST] 0000001e org.apache.cxf.bus.osgi.CXFActivator                         I Adding the extensions from bundle com.ibm.ws.org.apache.cxf-rt-bindings-xml.2.6.2 (192) [org.apache.cxf.binding.xml.XMLBindingFactory, org.apache.cxf.binding.xml.wsdl11.XMLWSDLExtensionLoader]
[8/31/17 13:28:57:143 BST] 0000001e org.apache.cxf.bus.osgi.CXFActivator                         I Adding the extensions from bundle com.ibm.ws.org.apache.cxf-rt-transports-http.2.6.2 (193) [org.apache.cxf.transport.http.HTTPTransportFactory, org.apache.cxf.transport.http.HTTPWSDLExtensionLoader, org.apache.cxf.transport.http.policy.HTTPClientAssertionBuilder, org.apache.cxf.transport.http.policy.HTTPServerAssertionBuilder, org.apache.cxf.transport.http.policy.NoOpPolicyInterceptorProvider]
[8/31/17 13:28:57:146 BST] 0000001e org.apache.cxf.bus.osgi.CXFActivator                         I Adding the extensions from bundle com.ibm.ws.org.apache.cxf-rt-bindings-soap.2.6.2 (194) [org.apache.cxf.binding.soap.SoapBindingFactory, org.apache.cxf.binding.soap.SoapTransportFactory]
[8/31/17 13:28:57:177 BST] 0000001e org.apache.cxf.bus.osgi.CXFActivator                         I Adding the extensions from bundle com.ibm.ws.org.apache.cxf-rt-ws-policy.2.6.2 (198) [org.apache.cxf.ws.policy.PolicyEngine, org.apache.cxf.policy.PolicyDataEngine, org.apache.cxf.ws.policy.AssertionBuilderRegistry, org.apache.cxf.ws.policy.PolicyInterceptorProviderRegistry, org.apache.cxf.ws.policy.PolicyBuilder, org.apache.cxf.ws.policy.PolicyAnnotationListener, org.apache.cxf.ws.policy.attachment.ServiceModelPolicyProvider, org.apache.cxf.ws.policy.attachment.external.DomainExpressionBuilderRegistry, org.apache.cxf.ws.policy.attachment.external.EndpointReferenceDomainExpressionBuilder, org.apache.cxf.ws.policy.attachment.wsdl11.Wsdl11AttachmentPolicyProvider, org.apache.cxf.ws.policy.mtom.MTOMAssertionBuilder, org.apache.cxf.ws.policy.mtom.MTOMPolicyInterceptorProvider]
[8/31/17 13:28:57:302 BST] 0000001e org.apache.cxf.bus.osgi.CXFActivator                         I Adding the extensions from bundle com.ibm.ws.jaxrs.2.0.common (248) [org.apache.cxf.phase.PhaseManager, org.apache.cxf.workqueue.WorkQueueManager, org.apache.cxf.buslifecycle.BusLifeCycleManager, org.apache.cxf.endpoint.ServerRegistry, org.apache.cxf.endpoint.EndpointResolverRegistry, org.apache.cxf.headers.HeaderManager, org.apache.cxf.service.factory.FactoryBeanListenerManager, org.apache.cxf.endpoint.ServerLifeCycleManager, org.apache.cxf.endpoint.ClientLifeCycleManager, org.apache.cxf.resource.ResourceManager, org.apache.cxf.catalog.OASISCatalogManager]
[8/31/17 13:29:05:072 BST] 0000001e com.ibm.ws.cache.ServerCache                                 I DYNA1001I: WebSphere Dynamic Cache instance named baseCache initialized successfully.
[8/31/17 13:29:05:081 BST] 0000001e com.ibm.ws.cache.ServerCache                                 I DYNA1071I: The cache provider default is being used.
[8/31/17 13:29:05:141 BST] 0000001e com.ibm.ws.cache.CacheServiceImpl                            I DYNA1056I: Dynamic Cache (object cache) initialized successfully.
[8/31/17 13:29:07:351 BST] 0000001e com.ibm.ws.transport.iiop.internal.ORBWrapperInternal        A CWWKI0001I: The CORBA name server is now available at corbaloc:iiop:localhost:2809/NameService.
[8/31/17 13:29:09:133 BST] 0000006f com.ibm.ws.app.manager.AppMessageHelper                      I CWWKZ0018I: Starting application ejb-ear.
[8/31/17 13:29:10:521 BST] 0000006f org.apache.cxf.management.jmx.InstrumentationManagerImpl     I registering MBean org.apache.cxf:bus.id=ejb-ejb-Server-Bus,type=Bus,instance.id=-1274591627: org.apache.cxf.bus.ManagedBus@b9a45e7
[8/31/17 13:29:10:588 BST] 0000006f org.apache.cxf.management.jmx.InstrumentationManagerImpl     I registered org.apache.cxf:bus.id=ejb-ejb-Server-Bus,type=Bus,instance.id=-1274591627
[8/31/17 13:29:10:766 BST] 0000006f org.apache.cxf.management.jmx.InstrumentationManagerImpl     I registering MBean org.apache.cxf:bus.id=ejb-ejb-Server-Bus,WorkQueueManager=Bus.WorkQueueManager,type=WorkQueueManager,instance.id=2051342585: org.apache.cxf.bus.managers.WorkQueueManagerImplMBeanWrapper@fd6f721f
[8/31/17 13:29:12:179 BST] 0000006f org.jboss.weld.Version                                       I WELD-000900: 2.4.3 (Final)
[8/31/17 13:29:16:316 BST] 0000006f com.ibm.ws.session.WASSessionCore                            I SESN8501I: The session manager did not find a persistent storage location; HttpSession objects will be stored in the local application server's memory.
[8/31/17 13:29:16:368 BST] 0000006f com.ibm.ws.ejbcontainer.osgi.internal.EJBRuntimeImpl         I CNTR4000I: The ejb-ejb.jar EJB module in the ejb-ear application is starting.
[8/31/17 13:29:16:383 BST] 0000006f com.ibm.ws.ejbcontainer.runtime.AbstractEJBRuntime           I CNTR0167I: The server is binding the wasdev.ejb.ejb.SampleStatelessBean interface of the SampleStatelessBean enterprise bean in the ejb-ejb.jar module of the ejb-ear application.  The binding location is: java:global/ejb-ear/ejb-ejb/SampleStatelessBean!wasdev.ejb.ejb.SampleStatelessBean
[8/31/17 13:29:16:431 BST] 0000006f com.ibm.ws.ejbcontainer.osgi.internal.EJBRuntimeImpl         I CNTR4001I: The ejb-ejb.jar EJB module in the ejb-ear application has started successfully.
[8/31/17 13:29:16:453 BST] 0000006f com.ibm.ws.webcontainer.osgi.webapp.WebGroup                 I SRVE0169I: Loading Web Module: ejb-war.
[8/31/17 13:29:16:461 BST] 0000006f com.ibm.ws.webcontainer                                      I SRVE0250I: Web Module ejb-war has been bound to default_host.
[8/31/17 13:29:16:464 BST] 0000006f com.ibm.ws.http.internal.VirtualHostImpl                     A CWWKT0016I: Web application available (default_host): http://localhost:9080/ejb-war/
[8/31/17 13:29:16:503 BST] 0000006f com.ibm.ws.app.manager.AppMessageHelper                      A CWWKZ0001I: Application ejb-ear started in 7.370 seconds.
[8/31/17 13:29:16:603 BST] 00000081 com.ibm.ws.session.WASSessionCore                            I SESN0176I: A new session context will be created for application key default_host/ejb-war
[8/31/17 13:29:16:702 BST] 00000081 com.ibm.ws.util                                              I SESN0172I: The session manager is using the Java default SecureRandom implementation for session ID generation.
[8/31/17 13:29:16:732 BST] 00000026 com.ibm.ws.kernel.feature.internal.FeatureManager            A CWWKF0012I: The server installed the following features: [servlet-3.1, beanValidation-1.1, ssl-1.0, jndi-1.0, jca-1.7, ejbPersistentTimer-3.2, appSecurity-2.0, j2eeManagement-1.1, jdbc-4.1, wasJmsServer-1.0, jaxrs-2.0, javaMail-1.5, cdi-1.2, webProfile-7.0, jcaInboundSecurity-1.0, jpa-2.1, jsp-2.3, ejbLite-3.2, managedBeans-1.0, jsf-2.2, ejbHome-3.2, jaxws-2.2, jsonp-1.0, el-3.0, jaxrsClient-2.0, concurrent-1.0, appClientSupport-1.0, ejbRemote-3.2, javaee-7.0, jaxb-2.2, mdb-3.2, jacc-1.5, batch-1.0, ejb-3.2, json-1.0, jaspic-1.1, jpaContainer-2.1, distributedMap-1.0, websocket-1.1, wasJmsSecurity-1.0, wasJmsClient-2.0].
[8/31/17 13:29:16:738 BST] 00000026 com.ibm.ws.kernel.feature.internal.FeatureManager            I CWWKF0008I: Feature update completed in 39.402 seconds.
[8/31/17 13:29:16:739 BST] 00000026 com.ibm.ws.kernel.feature.internal.FeatureManager            A CWWKF0011I: The server ejbServer is ready to run a smarter planet.
[8/31/17 13:29:17:344 BST] 00000035 com.ibm.ws.webcontainer.osgi.mbeans.PluginGenerator          I SRVE9103I: A configuration file for a web server plugin was automatically generated for this server at C:\Users\IBM_ADMIN\Documents\Docker\08 - August\ear stuff\use this one\ejb\ejb-ear\target\liberty\wlp\usr\servers\ejbServer\logs\state\plugin-cfg.xml.
[8/31/17 13:29:17:463 BST] 00000081 com.ibm.ws.cache.CacheServiceImpl                            I DYNA1056I: Dynamic Cache (object cache) initialized successfully.
[8/31/17 13:29:27:615 BST] 0000006b org.apache.cxf.management.jmx.InstrumentationManagerImpl     I registering MBean org.apache.cxf:bus.id=ejb-war-Server-Bus,type=Bus,instance.id=2056097214: org.apache.cxf.bus.ManagedBus@2913e8f0
[8/31/17 13:29:27:621 BST] 0000006b org.apache.cxf.management.jmx.InstrumentationManagerImpl     I registered org.apache.cxf:bus.id=ejb-war-Server-Bus,type=Bus,instance.id=2056097214
[8/31/17 13:29:27:626 BST] 0000006b org.apache.cxf.management.jmx.InstrumentationManagerImpl     I registering MBean org.apache.cxf:bus.id=ejb-war-Server-Bus,WorkQueueManager=Bus.WorkQueueManager,type=WorkQueueManager,instance.id=1090450945: org.apache.cxf.bus.managers.WorkQueueManagerImplMBeanWrapper@8567c149
[8/31/17 13:29:27:742 BST] 0000006b com.ibm.ws.webcontainer.servlet                              I SRVE0242I: [ejb-ear] [/ejb-war] [wasdev.ejb.ejb.web.EJBServlet]: Initialization successful.
[8/31/17 13:29:27:768 BST] 0000006b com.ibm.ws.recoverylog.spi.RecoveryDirectorImpl              I CWRLS0010I: Performing recovery processing for local WebSphere server (ejbServer).
[8/31/17 13:29:28:085 BST] 0000006b com.ibm.ws.recoverylog.spi.RecoveryDirectorImpl              I CWRLS0012I: All persistent services have been directed to perform recovery processing for this WebSphere server (ejbServer).
[8/31/17 13:29:28:085 BST] 00000098 com.ibm.tx.jta.impl.RecoveryManager                          I WTRN0135I: Transaction service recovering no transactions.
