********************************************************************************
product = WebSphere Application Server 17.0.0.2 (wlp-1.0.17.cl170220170523-1818)
wlp.install.dir = C:/Users/IBM_ADMIN/Documents/Docker/08 - August/ear stuff/use this one/ejb/ejb-ear/target/liberty/wlp/
java.home = C:\Program Files\IBM\Java80\jre
java.version = 1.8.0
java.runtime = Java(TM) SE Runtime Environment (pwa6480sr3fp22-20161213_02 (SR3 FP22))
os = Windows 10 (10.0; amd64) (en_US)
process = 10056@IBM096-R903BL48
********************************************************************************
[8/31/17 13:25:30:677 BST] 00000001 com.ibm.ws.kernel.launch.internal.FrameworkManager           A CWWKE0001I: The server ejbServer has been launched.
[8/31/17 13:25:30:732 BST] 00000001 com.ibm.ws.kernel.launch.internal.FrameworkManager           A CWWKE0100I: This product is licensed for development, and limited production use. The full license terms can be viewed here: https://public.dhe.ibm.com/ibmdl/export/pub/software/websphere/wasdev/license/base_ilan/ilan/17.0.0.2/lafiles/en.html
[8/31/17 13:25:39:934 BST] 00000001 com.ibm.ws.kernel.launch.internal.FrameworkManager           I CWWKE0002I: The kernel started after 10.205 seconds
[8/31/17 13:25:40:492 BST] 00000026 com.ibm.ws.kernel.feature.internal.FeatureManager            I CWWKF0007I: Feature update started.
[8/31/17 13:25:55:183 BST] 0000001f com.ibm.ws.security.ready.internal.SecurityReadyServiceImpl  I CWWKS0007I: The security service is starting...
[8/31/17 13:26:02:104 BST] 0000001f com.ibm.ws.app.manager.internal.monitor.DropinMonitor        A CWWKZ0058I: Monitoring dropins for applications. 
[8/31/17 13:26:03:033 BST] 00000021 com.ibm.ws.ssl.config.WSKeyStore                             I CWPKI0802I: Creating the SSL certificate. This may take a few seconds.
[8/31/17 13:26:03:147 BST] 0000004f com.ibm.ws.security.token.ltpa.internal.LTPAKeyInfoManager   I CWWKS4103I: Creating the LTPA keys. This may take a few seconds.
[8/31/17 13:26:03:280 BST] 0000001f ibm.ws.security.authentication.internal.jaas.JAASServiceImpl I CWWKS1123I: The collective authentication plugin with class name NullCollectiveAuthenticationPlugin has been activated. 
[8/31/17 13:26:10:316 BST] 0000004f com.ibm.ws.security.token.ltpa.internal.LTPAKeyInfoManager   A CWWKS4104A: LTPA keys created in 7.166 seconds. LTPA key file: C:/Users/IBM_ADMIN/Documents/Docker/08 - August/ear stuff/use this one/ejb/ejb-ear/target/liberty/wlp/usr/servers/ejbServer/resources/security/ltpa.keys
[8/31/17 13:26:10:409 BST] 0000004f com.ibm.ws.security.ready.internal.SecurityReadyServiceImpl  I CWWKS0008I: The security service is ready.
[8/31/17 13:26:10:422 BST] 0000004f com.ibm.ws.security.token.ltpa.internal.LTPAKeyCreateTask    I CWWKS4105I: LTPA configuration is ready after 7.288 seconds.
[8/31/17 13:26:11:100 BST] 00000068 com.ibm.ws.tcpchannel.internal.TCPChannel                    I CWWKO0219I: TCP Channel defaultHttpEndpoint has been started and is now listening for requests on host 127.0.0.1  (IPv4: 127.0.0.1) port 9080.
[8/31/17 13:26:11:730 BST] 0000001f com.ibm.ws.tcpchannel.internal.TCPChannel                    I CWWKO0219I: TCP Channel wasJmsEndpoint328 has been started and is now listening for requests on host 127.0.0.1  (IPv4: 127.0.0.1) port 7276.
[8/31/17 13:26:15:339 BST] 0000001f com.ibm.ws.sib.utils.ras.SibMessage                          I  CWSIS1553I: The minimum reserved size in the configuration information of the permanent store file is 20,971,520 bytes. The maximum size is 209,715,200 bytes.
[8/31/17 13:26:15:383 BST] 0000001f com.ibm.ws.sib.utils.ras.SibMessage                          I  CWSIS1557I: The minimum reserved size in the configuration information of the temporary store file is 20,971,520 bytes. The maximum size is 209,715,200 bytes.
[8/31/17 13:26:16:954 BST] 00000021 com.ibm.ws.ssl.config.WSKeyStore                             A CWPKI0803A: SSL certificate created in 13.921 seconds. SSL key file: C:/Users/IBM_ADMIN/Documents/Docker/08 - August/ear stuff/use this one/ejb/ejb-ear/target/liberty/wlp/usr/servers/ejbServer/resources/security/key.jks
[8/31/17 13:26:17:210 BST] 00000021 com.ibm.ws.tcpchannel.internal.TCPChannel                    I CWWKO0219I: TCP Channel wasJmsEndpoint328-ssl has been started and is now listening for requests on host 127.0.0.1  (IPv4: 127.0.0.1) port 7286.
[8/31/17 13:26:17:221 BST] 00000049 com.ibm.ws.tcpchannel.internal.TCPChannel                    I CWWKO0219I: TCP Channel defaultHttpEndpoint-ssl has been started and is now listening for requests on host 127.0.0.1  (IPv4: 127.0.0.1) port 9443.
[8/31/17 13:26:17:739 BST] 0000001f com.ibm.ws.sib.utils.ras.SibMessage                          I  CWSID0108I: JMS server has started.  
[8/31/17 13:26:19:571 BST] 0000001f com.ibm.ws.security.jaspi.AuthConfigFactoryWrapper           I CWWKS1655I: The default Java Authentication SPI for Containers (JASPIC) AuthConfigFactory class com.ibm.ws.security.jaspi.ProviderRegistry is being used because the Java security property authconfigprovider.factory is not set. 
[8/31/17 13:26:20:229 BST] 0000001f Service-174-com.ibm.ws.org.apache.geronimo.osgi.registry.1.1 I SPI-Provider Manifest header found in bundle: com.ibm.ws.xlxp.1.5.3 Bundle:com.ibm.ws.org.apache.geronimo.osgi.registry.1.1(id=174)   
[8/31/17 13:26:20:674 BST] 0000001f org.apache.cxf.bus.osgi.CXFActivator                         I Adding the extensions from bundle com.ibm.ws.org.apache.cxf-rt-ws-addr.2.6.2 (179) [org.apache.cxf.ws.addressing.policy.AddressingAssertionBuilder, org.apache.cxf.ws.addressing.policy.UsingAddressingAssertionBuilder, org.apache.cxf.ws.addressing.policy.AddressingPolicyInterceptorProvider, org.apache.cxf.ws.addressing.impl.AddressingWSDLExtensionLoader, org.apache.cxf.ws.addressing.WSAddressingFeature$WSAddressingFeatureApplier, org.apache.cxf.ws.addressing.MAPAggregator$MAPAggregatorLoader]
[8/31/17 13:26:20:681 BST] 0000001f org.apache.cxf.bus.osgi.CXFActivator                         I Adding the extensions from bundle com.ibm.ws.org.apache.cxf-rt-frontend-jaxws.2.6.2 (182) [org.apache.cxf.jaxws.context.WebServiceContextResourceResolver]
[8/31/17 13:26:20:687 BST] 0000001f org.apache.cxf.bus.osgi.CXFActivator                         I Adding the extensions from bundle com.ibm.ws.org.apache.cxf-rt-management.2.6.2 (190) [org.apache.cxf.management.InstrumentationManager]
[8/31/17 13:26:20:692 BST] 0000001f org.apache.cxf.bus.osgi.CXFActivator                         I Adding the extensions from bundle com.ibm.ws.org.apache.cxf-rt-bindings-xml.2.6.2 (192) [org.apache.cxf.binding.xml.XMLBindingFactory, org.apache.cxf.binding.xml.wsdl11.XMLWSDLExtensionLoader]
[8/31/17 13:26:20:695 BST] 0000001f org.apache.cxf.bus.osgi.CXFActivator                         I Adding the extensions from bundle com.ibm.ws.org.apache.cxf-rt-transports-http.2.6.2 (193) [org.apache.cxf.transport.http.HTTPTransportFactory, org.apache.cxf.transport.http.HTTPWSDLExtensionLoader, org.apache.cxf.transport.http.policy.HTTPClientAssertionBuilder, org.apache.cxf.transport.http.policy.HTTPServerAssertionBuilder, org.apache.cxf.transport.http.policy.NoOpPolicyInterceptorProvider]
[8/31/17 13:26:20:698 BST] 0000001f org.apache.cxf.bus.osgi.CXFActivator                         I Adding the extensions from bundle com.ibm.ws.org.apache.cxf-rt-bindings-soap.2.6.2 (194) [org.apache.cxf.binding.soap.SoapBindingFactory, org.apache.cxf.binding.soap.SoapTransportFactory]
[8/31/17 13:26:20:707 BST] 0000001f org.apache.cxf.bus.osgi.CXFActivator                         I Adding the extensions from bundle com.ibm.ws.org.apache.cxf-rt-ws-policy.2.6.2 (198) [org.apache.cxf.ws.policy.PolicyEngine, org.apache.cxf.policy.PolicyDataEngine, org.apache.cxf.ws.policy.AssertionBuilderRegistry, org.apache.cxf.ws.policy.PolicyInterceptorProviderRegistry, org.apache.cxf.ws.policy.PolicyBuilder, org.apache.cxf.ws.policy.PolicyAnnotationListener, org.apache.cxf.ws.policy.attachment.ServiceModelPolicyProvider, org.apache.cxf.ws.policy.attachment.external.DomainExpressionBuilderRegistry, org.apache.cxf.ws.policy.attachment.external.EndpointReferenceDomainExpressionBuilder, org.apache.cxf.ws.policy.attachment.wsdl11.Wsdl11AttachmentPolicyProvider, org.apache.cxf.ws.policy.mtom.MTOMAssertionBuilder, org.apache.cxf.ws.policy.mtom.MTOMPolicyInterceptorProvider]
[8/31/17 13:26:20:791 BST] 0000001f org.apache.cxf.bus.osgi.CXFActivator                         I Adding the extensions from bundle com.ibm.ws.jaxrs.2.0.common (248) [org.apache.cxf.phase.PhaseManager, org.apache.cxf.workqueue.WorkQueueManager, org.apache.cxf.buslifecycle.BusLifeCycleManager, org.apache.cxf.endpoint.ServerRegistry, org.apache.cxf.endpoint.EndpointResolverRegistry, org.apache.cxf.headers.HeaderManager, org.apache.cxf.service.factory.FactoryBeanListenerManager, org.apache.cxf.endpoint.ServerLifeCycleManager, org.apache.cxf.endpoint.ClientLifeCycleManager, org.apache.cxf.resource.ResourceManager, org.apache.cxf.catalog.OASISCatalogManager]
[8/31/17 13:26:29:227 BST] 0000001f com.ibm.ws.cache.ServerCache                                 I DYNA1001I: WebSphere Dynamic Cache instance named baseCache initialized successfully.
[8/31/17 13:26:29:236 BST] 0000001f com.ibm.ws.cache.ServerCache                                 I DYNA1071I: The cache provider default is being used.
[8/31/17 13:26:29:242 BST] 0000001f com.ibm.ws.cache.CacheServiceImpl                            I DYNA1056I: Dynamic Cache (object cache) initialized successfully.
[8/31/17 13:26:31:643 BST] 0000001f com.ibm.ws.transport.iiop.internal.ORBWrapperInternal        A CWWKI0001I: The CORBA name server is now available at corbaloc:iiop:localhost:2809/NameService.
[8/31/17 13:26:33:566 BST] 0000003f com.ibm.ws.app.manager.AppMessageHelper                      I CWWKZ0018I: Starting application ejb-ear.
[8/31/17 13:26:35:075 BST] 0000003f org.apache.cxf.management.jmx.InstrumentationManagerImpl     I registering MBean org.apache.cxf:bus.id=ejb-ejb-Server-Bus,type=Bus,instance.id=1672405823: org.apache.cxf.bus.ManagedBus@aeee6662
[8/31/17 13:26:35:131 BST] 0000003f org.apache.cxf.management.jmx.InstrumentationManagerImpl     I registered org.apache.cxf:bus.id=ejb-ejb-Server-Bus,type=Bus,instance.id=1672405823
[8/31/17 13:26:35:328 BST] 0000003f org.apache.cxf.management.jmx.InstrumentationManagerImpl     I registering MBean org.apache.cxf:bus.id=ejb-ejb-Server-Bus,WorkQueueManager=Bus.WorkQueueManager,type=WorkQueueManager,instance.id=-1153452371: org.apache.cxf.bus.managers.WorkQueueManagerImplMBeanWrapper@8ec85d0a
[8/31/17 13:26:36:563 BST] 0000003f org.jboss.weld.Version                                       I WELD-000900: 2.4.3 (Final)
[8/31/17 13:26:41:307 BST] 0000003f com.ibm.ws.session.WASSessionCore                            I SESN8501I: The session manager did not find a persistent storage location; HttpSession objects will be stored in the local application server's memory.
[8/31/17 13:26:41:379 BST] 0000003f com.ibm.ws.ejbcontainer.osgi.internal.EJBRuntimeImpl         I CNTR4000I: The ejb-ejb.jar EJB module in the ejb-ear application is starting.
[8/31/17 13:26:41:397 BST] 0000003f com.ibm.ws.ejbcontainer.runtime.AbstractEJBRuntime           I CNTR0167I: The server is binding the wasdev.ejb.ejb.SampleStatelessBean interface of the SampleStatelessBean enterprise bean in the ejb-ejb.jar module of the ejb-ear application.  The binding location is: java:global/ejb-ear/ejb-ejb/SampleStatelessBean!wasdev.ejb.ejb.SampleStatelessBean
[8/31/17 13:26:41:483 BST] 0000003f com.ibm.ws.ejbcontainer.osgi.internal.EJBRuntimeImpl         I CNTR4001I: The ejb-ejb.jar EJB module in the ejb-ear application has started successfully.
[8/31/17 13:26:41:506 BST] 0000003f com.ibm.ws.webcontainer.osgi.webapp.WebGroup                 I SRVE0169I: Loading Web Module: ejb-war.
[8/31/17 13:26:41:521 BST] 0000003f com.ibm.ws.webcontainer                                      I SRVE0250I: Web Module ejb-war has been bound to default_host.
[8/31/17 13:26:41:527 BST] 0000003f com.ibm.ws.http.internal.VirtualHostImpl                     A CWWKT0016I: Web application available (default_host): http://localhost:9080/ejb-war/
[8/31/17 13:26:41:586 BST] 0000003f com.ibm.ws.app.manager.AppMessageHelper                      A CWWKZ0001I: Application ejb-ear started in 8.020 seconds.
[8/31/17 13:26:42:112 BST] 0000004f com.ibm.ws.session.WASSessionCore                            I SESN0176I: A new session context will be created for application key default_host/ejb-war
[8/31/17 13:26:42:190 BST] 00000026 com.ibm.ws.kernel.feature.internal.FeatureManager            A CWWKF0012I: The server installed the following features: [servlet-3.1, beanValidation-1.1, ssl-1.0, jndi-1.0, jca-1.7, ejbPersistentTimer-3.2, appSecurity-2.0, j2eeManagement-1.1, jdbc-4.1, wasJmsServer-1.0, jaxrs-2.0, javaMail-1.5, cdi-1.2, webProfile-7.0, jcaInboundSecurity-1.0, jpa-2.1, jsp-2.3, ejbLite-3.2, managedBeans-1.0, jsf-2.2, ejbHome-3.2, jaxws-2.2, jsonp-1.0, el-3.0, jaxrsClient-2.0, concurrent-1.0, appClientSupport-1.0, ejbRemote-3.2, javaee-7.0, jaxb-2.2, mdb-3.2, jacc-1.5, batch-1.0, ejb-3.2, json-1.0, jaspic-1.1, jpaContainer-2.1, distributedMap-1.0, websocket-1.1, wasJmsSecurity-1.0, wasJmsClient-2.0].
[8/31/17 13:26:42:194 BST] 00000026 com.ibm.ws.kernel.feature.internal.FeatureManager            I CWWKF0008I: Feature update completed in 62.269 seconds.
[8/31/17 13:26:42:195 BST] 00000026 com.ibm.ws.kernel.feature.internal.FeatureManager            A CWWKF0011I: The server ejbServer is ready to run a smarter planet.
[8/31/17 13:26:42:405 BST] 0000004f com.ibm.ws.util                                              I SESN0172I: The session manager is using the Java default SecureRandom implementation for session ID generation.
[8/31/17 13:26:43:272 BST] 00000057 com.ibm.ws.webcontainer.osgi.mbeans.PluginGenerator          I SRVE9103I: A configuration file for a web server plugin was automatically generated for this server at C:\Users\IBM_ADMIN\Documents\Docker\08 - August\ear stuff\use this one\ejb\ejb-ear\target\liberty\wlp\usr\servers\ejbServer\logs\state\plugin-cfg.xml.
[8/31/17 13:26:43:461 BST] 0000004f com.ibm.ws.cache.CacheServiceImpl                            I DYNA1056I: Dynamic Cache (object cache) initialized successfully.
[8/31/17 13:26:53:259 BST] 00000073 org.apache.cxf.management.jmx.InstrumentationManagerImpl     I registering MBean org.apache.cxf:bus.id=ejb-war-Server-Bus,type=Bus,instance.id=2138953431: org.apache.cxf.bus.ManagedBus@cc74e45
[8/31/17 13:26:53:267 BST] 00000073 org.apache.cxf.management.jmx.InstrumentationManagerImpl     I registered org.apache.cxf:bus.id=ejb-war-Server-Bus,type=Bus,instance.id=2138953431
[8/31/17 13:26:53:276 BST] 00000073 org.apache.cxf.management.jmx.InstrumentationManagerImpl     I registering MBean org.apache.cxf:bus.id=ejb-war-Server-Bus,WorkQueueManager=Bus.WorkQueueManager,type=WorkQueueManager,instance.id=1493334862: org.apache.cxf.bus.managers.WorkQueueManagerImplMBeanWrapper@c5cf2db2
[8/31/17 13:26:53:526 BST] 00000073 com.ibm.ws.webcontainer.servlet                              I SRVE0242I: [ejb-ear] [/ejb-war] [wasdev.ejb.ejb.web.EJBServlet]: Initialization successful.
[8/31/17 13:26:53:619 BST] 00000073 com.ibm.ws.recoverylog.spi.RecoveryDirectorImpl              I CWRLS0010I: Performing recovery processing for local WebSphere server (ejbServer).
[8/31/17 13:26:53:723 BST] 0000009a com.ibm.ws.recoverylog.spi.LogHandle                         I CWRLS0007I: No existing recovery log files found in /C:/Users/IBM_ADMIN/Documents/Docker/08 - August/ear stuff/use this one/ejb/ejb-ear/target/liberty/wlp/usr/servers/ejbServer/tranlog/\tranlog. Cold starting the recovery log.
[8/31/17 13:26:53:725 BST] 0000009a com.ibm.ws.recoverylog.spi.LogFileHandle                     I CWRLS0006I: Creating new recovery log file /C:/Users/IBM_ADMIN/Documents/Docker/08 - August/ear stuff/use this one/ejb/ejb-ear/target/liberty/wlp/usr/servers/ejbServer/tranlog/\tranlog\log1.
[8/31/17 13:26:53:786 BST] 0000009a com.ibm.ws.recoverylog.spi.LogFileHandle                     I CWRLS0006I: Creating new recovery log file /C:/Users/IBM_ADMIN/Documents/Docker/08 - August/ear stuff/use this one/ejb/ejb-ear/target/liberty/wlp/usr/servers/ejbServer/tranlog/\tranlog\log2.
[8/31/17 13:26:54:063 BST] 0000009a com.ibm.ws.recoverylog.spi.LogHandle                         I CWRLS0007I: No existing recovery log files found in /C:/Users/IBM_ADMIN/Documents/Docker/08 - August/ear stuff/use this one/ejb/ejb-ear/target/liberty/wlp/usr/servers/ejbServer/tranlog/\partnerlog. Cold starting the recovery log.
[8/31/17 13:26:54:064 BST] 0000009a com.ibm.ws.recoverylog.spi.LogFileHandle                     I CWRLS0006I: Creating new recovery log file /C:/Users/IBM_ADMIN/Documents/Docker/08 - August/ear stuff/use this one/ejb/ejb-ear/target/liberty/wlp/usr/servers/ejbServer/tranlog/\partnerlog\log1.
[8/31/17 13:26:54:105 BST] 0000009a com.ibm.ws.recoverylog.spi.LogFileHandle                     I CWRLS0006I: Creating new recovery log file /C:/Users/IBM_ADMIN/Documents/Docker/08 - August/ear stuff/use this one/ejb/ejb-ear/target/liberty/wlp/usr/servers/ejbServer/tranlog/\partnerlog\log2.
[8/31/17 13:26:54:366 BST] 00000073 com.ibm.ws.recoverylog.spi.RecoveryDirectorImpl              I CWRLS0012I: All persistent services have been directed to perform recovery processing for this WebSphere server (ejbServer).
[8/31/17 13:26:54:366 BST] 0000009a com.ibm.tx.jta.impl.RecoveryManager                          I WTRN0135I: Transaction service recovering no transactions.
[8/31/17 13:26:57:550 BST] 0000001c com.ibm.ws.kernel.launch.internal.ServerCommandListener      A CWWKE0055I: Server shutdown requested on Thursday, August 31, 2017 at 1:26 PM. The server ejbServer is shutting down.
[8/31/17 13:26:57:568 BST] 0000009d com.ibm.ws.runtime.update.internal.RuntimeUpdateManagerImpl  A CWWKE1100I: Waiting for up to 30 seconds for the server to quiesce.
[8/31/17 13:26:57:615 BST] 0000009e com.ibm.ws.tcpchannel.internal.TCPChannel                    I CWWKO0220I: TCP Channel defaultHttpEndpoint-ssl has stopped listening for requests on host 127.0.0.1  (IPv4: 127.0.0.1) port 9443.
[8/31/17 13:26:57:623 BST] 0000009e com.ibm.ws.tcpchannel.internal.TCPChannel                    I CWWKO0220I: TCP Channel wasJmsEndpoint328 has stopped listening for requests on host 127.0.0.1  (IPv4: 127.0.0.1) port 7276.
[8/31/17 13:26:57:629 BST] 0000009e com.ibm.ws.tcpchannel.internal.TCPChannel                    I CWWKO0220I: TCP Channel defaultHttpEndpoint has stopped listening for requests on host 127.0.0.1  (IPv4: 127.0.0.1) port 9080.
[8/31/17 13:26:57:630 BST] 0000009e com.ibm.ws.http.internal.VirtualHostImpl                     A CWWKT0017I: Web application removed (default_host): http://localhost:9080/ejb-war/
[8/31/17 13:26:57:637 BST] 0000009e com.ibm.ws.tcpchannel.internal.TCPChannel                    I CWWKO0220I: TCP Channel wasJmsEndpoint328-ssl has stopped listening for requests on host 127.0.0.1  (IPv4: 127.0.0.1) port 7286.
[8/31/17 13:26:57:747 BST] 0000009d .jbatch.container.services.impl.MemoryPersistenceManagerImpl I CWWKY0005I: The batch In-Memory persistence service is activated.
[8/31/17 13:26:57:750 BST] 0000009d com.ibm.jbatch.container.impl.BatchKernelImpl                I CWWKY0008I: The batch feature is using persistence type In-Memory.
[8/31/17 13:26:57:815 BST] 0000009d com.ibm.ws.runtime.update.internal.RuntimeUpdateManagerImpl  I CWWKE1101I: Server quiesce complete.
[8/31/17 13:26:58:058 BST] 0000005e com.ibm.ws.webcontainer.servlet                              I SRVE0253I: [ejb-ear] [/ejb-war] [wasdev.ejb.ejb.web.EJBServlet]: Destroy successful.
[8/31/17 13:26:58:217 BST] 0000005e com.ibm.ws.ejbcontainer.osgi.internal.EJBRuntimeImpl         I CNTR4003I: The ejb-ejb.jar EJB module in the ejb-ear application is stopping.
[8/31/17 13:26:58:243 BST] 0000005e com.ibm.ws.ejbcontainer.osgi.internal.EJBRuntimeImpl         I CNTR4004I: The ejb-ejb.jar EJB module in the ejb-ear application has stopped successfully.
[8/31/17 13:26:58:368 BST] 0000005e com.ibm.ws.app.manager.AppMessageHelper                      A CWWKZ0009I: The application ejb-ear has stopped successfully.
[8/31/17 13:26:58:824 BST] 000000a1 org.apache.yoko.orb.OCI.Transport                            I shutdown: iiop transport using socket Socket[addr=/127.0.0.1,port=52365,localport=2809]
[8/31/17 13:26:58:925 BST] 00000091 org.apache.yoko.orb.OCI.Transport                            I shutdown: iiop transport using socket 30d5ff67[SSL_NULL_WITH_NULL_NULL: Socket[addr=/127.0.0.1,port=52366,localport=9402]]
[8/31/17 13:26:58:940 BST] 0000009d com.ibm.ws.transport.iiop.internal.ORBWrapperInternal        A CWWKI0002I: The CORBA name server is no longer available at corbaloc:iiop:localhost:2809/NameService.
[8/31/17 13:26:59:140 BST] 0000009d com.ibm.tx.jta.impl.FailureScopeController                   A WTRN0105I: The transaction service has shutdown successfully with no transactions requiring recovery.
[8/31/17 13:26:59:355 BST] 0000009d .jbatch.container.services.impl.MemoryPersistenceManagerImpl I CWWKY0005I: The batch In-Memory persistence service is deactivated.
[8/31/17 13:26:59:822 BST] 0000009d com.ibm.ws.sib.utils.ras.SibMessage                          I  CWSIS1589I: The file store has stopped successfully.
[8/31/17 13:27:00:620 BST] 0000009d com.ibm.ws.sib.utils.ras.SibMessage                          I  CWSID0121I: JMS server stopped.  
[8/31/17 13:27:01:418 BST] 0000009d com.ibm.ws.security.ready.internal.SecurityReadyServiceImpl  I CWWKS0009I: The security service has stopped.
[8/31/17 13:27:01:472 BST] 0000009d ibm.ws.security.authentication.internal.jaas.JAASServiceImpl I CWWKS1124I: The collective authentication plugin with class name NullCollectiveAuthenticationPlugin has been deactivated. 
[8/31/17 13:27:01:564 BST] 0000009d org.apache.cxf.bus.osgi.CXFActivator                         I Removing the extensions for bundle 192
[8/31/17 13:27:01:565 BST] 0000009d org.apache.cxf.bus.osgi.CXFActivator                         I Removing the extensions for bundle 193
[8/31/17 13:27:01:566 BST] 0000009d org.apache.cxf.bus.osgi.CXFActivator                         I Removing the extensions for bundle 194
[8/31/17 13:27:01:567 BST] 0000009d org.apache.cxf.bus.osgi.CXFActivator                         I Removing the extensions for bundle 198
[8/31/17 13:27:01:567 BST] 0000009d org.apache.cxf.bus.osgi.CXFActivator                         I Removing the extensions for bundle 179
[8/31/17 13:27:01:568 BST] 0000009d org.apache.cxf.bus.osgi.CXFActivator                         I Removing the extensions for bundle 182
[8/31/17 13:27:01:569 BST] 0000009d org.apache.cxf.bus.osgi.CXFActivator                         I Removing the extensions for bundle 248
[8/31/17 13:27:01:570 BST] 0000009d org.apache.cxf.bus.osgi.CXFActivator                         I Removing the extensions for bundle 190
[8/31/17 13:27:03:819 BST] 00000001 com.ibm.ws.kernel.launch.internal.FrameworkManager           A CWWKE0036I: The server ejbServer stopped after 1 minutes, 34.092 seconds.
